News-master3/app/build/intermediates/manifest_merge_blame_file/debug/manifest-merger-blame-debug-report.txt
1<?xml version="1.0" encoding="utf-8"?>
2<manifest xmlns:android="http://schemas.android.com/apk/res/android"
3    package="com.leaf.news"
4    android:versionCode="1"
5    android:versionName="1.0" >
6
7    <uses-sdk
8        android:minSdkVersion="21"
8-->src\main\AndroidManifest.xml
9        android:targetSdkVersion="29" />
9-->src\main\AndroidManifest.xml
10
11    <uses-permission android:name="android.permission.INTERNET" />
11-->src\main\AndroidManifest.xml:6:5-67
11-->src\main\AndroidManifest.xml:6:22-64
12    <uses-permission android:name="android.permission.READ_EXTERNAL_STORAGE" />
12-->src\main\AndroidManifest.xml:7:5-80
12-->src\main\AndroidManifest.xml:7:22-77
13    <uses-permission android:name="android.permission.WRITE_EXTERNAL_STORAGE" />
13-->src\main\AndroidManifest.xml:8:5-81
13-->src\main\AndroidManifest.xml:8:22-78
14
15    <application
15-->src\main\AndroidManifest.xml:10:5-40:19
16        android:allowBackup="true"
16-->src\main\AndroidManifest.xml:11:9-35
17        android:appComponentFactory="androidx.core.app.CoreComponentFactory"
17-->[androidx.core:core:1.3.1] AndroidManifest.xml:24:18-86
18        android:debuggable="true"
19        android:icon="@mipmap/ic_launcher1"
19-->src\main\AndroidManifest.xml:12:9-44
20        android:label="@string/app_name"
20-->src\main\AndroidManifest.xml:13:9-41
21        android:roundIcon="@mipmap/ic_launcher1_round"
21-->src\main\AndroidManifest.xml:14:9-55
22        android:supportsRtl="true"
22-->src\main\AndroidManifest.xml:15:9-35
23        android:testOnly="true"
24        android:theme="@style/AppTheme"
24-->src\main\AndroidManifest.xml:16:9-40
25        android:usesCleartextTraffic="true" >
25-->src\main\AndroidManifest.xml:17:9-44
26        <activity
26-->src\main\AndroidManifest.xml:19:9-22:40
27            android:name="com.leaf.news.RecodeActivity"
27-->src\main\AndroidManifest.xml:20:13-43
28            android:exported="false"
28-->src\main\AndroidManifest.xml:22:13-37
29            android:parentActivityName="com.leaf.news.MainActivity" />
29-->src\main\AndroidManifest.xml:21:13-55
30        <activity
30-->src\main\AndroidManifest.xml:23:9-25:40
31            android:name="com.leaf.news.LogonActivity"
31-->src\main\AndroidManifest.xml:24:13-42
32            android:exported="false" />
32-->src\main\AndroidManifest.xml:25:13-37
33        <activity
33-->src\main\AndroidManifest.xml:26:9-28:40
34            android:name="com.leaf.news.LoginActivity"
34-->src\main\AndroidManifest.xml:27:13-42
35            android:exported="false" />
35-->src\main\AndroidManifest.xml:28:13-37
36        <activity android:name="com.leaf.news.AboutActivity" />
36-->src\main\AndroidManifest.xml:29:9-60
36-->src\main\AndroidManifest.xml:29:19-48
37        <activity android:name="com.leaf.news.SearchActivity" />
37-->src\main\AndroidManifest.xml:30:9-61
37-->src\main\AndroidManifest.xml:30:19-49
38        <activity android:name="com.leaf.news.MainActivity" >
38-->src\main\AndroidManifest.xml:31:9-37:20
38-->src\main\AndroidManifest.xml:31:19-47
39            <intent-filter>
39-->src\main\AndroidManifest.xml:32:13-36:29
40                <action android:name="android.intent.action.MAIN" />
40-->src\main\AndroidManifest.xml:33:17-69
40-->src\main\AndroidManifest.xml:33:25-66
41
42                <category android:name="android.intent.category.LAUNCHER" />
42-->src\main\AndroidManifest.xml:35:17-77
42-->src\main\AndroidManifest.xml:35:27-74
43            </intent-filter>
44        </activity>
45        <activity android:name="com.leaf.news.ContentsActivity" />
45-->src\main\AndroidManifest.xml:38:9-54
45-->src\main\AndroidManifest.xml:38:19-51
46    </application>
47
48</manifest>